[20-Aug-2016 17:33:50 Europe/Berlin] Empty module and/or action after parsing the URL "/images/tablesorter-bg.png" (/).
[20-Aug-2016 17:33:50 Europe/Berlin] Empty module and/or action after parsing the URL "/images/toggle-down.png" (/).
[20-Aug-2016 17:33:51 Europe/Berlin] Empty module and/or action after parsing the URL "/images/nav-bg.png" (/).
[20-Aug-2016 17:33:51 Europe/Berlin] Empty module and/or action after parsing the URL "/images/sub-nav-arrow-n.png" (/).
[20-Aug-2016 17:33:51 Europe/Berlin] Empty module and/or action after parsing the URL "/images/sub-nav.png" (/).
[20-Aug-2016 17:33:51 Europe/Berlin] Empty module and/or action after parsing the URL "/images/h1-bg.png" (/).
[20-Aug-2016 17:33:52 Europe/Berlin] Empty module and/or action after parsing the URL "/images/sub-nav-arrow.png" (/).
[20-Aug-2016 17:33:52 Europe/Berlin] Empty module and/or action after parsing the URL "/images/sub-nav-arrow-s.png" (/).
[20-Aug-2016 17:33:52 Europe/Berlin] Empty module and/or action after parsing the URL "/images/welcome-down.png" (/).
[20-Aug-2016 17:33:55 Europe/Berlin] Empty module and/or action after parsing the URL "/images/sub-nav-arrow-s.png" (/).
[20-Aug-2016 17:34:00 Europe/Berlin] Empty module and/or action after parsing the URL "/images/top-nav-selected1.png" (/).
08/20/16 17:53:17,896 [3604] WARN core.email - Email configuration settings not available
[05-Sep-2016 19:06:37 Europe/Berlin] Empty module and/or action after parsing the URL "/webres_55a775cf9fcff8.50052456/js/jquery/jquery.form" (/).
[05-Sep-2016 19:06:51 Europe/Berlin] Empty module and/or action after parsing the URL "/webres_55a775cf9fcff8.50052456/js/jquery/jquery.form" (/).
[05-Sep-2016 19:07:53 Europe/Berlin] Empty module and/or action after parsing the URL "/webres_55a775cf9fcff8.50052456/js/jquery/jquery.form" (/).
[05-Sep-2016 19:08:09 Europe/Berlin] Empty module and/or action after parsing the URL "/webres_55a775cf9fcff8.50052456/js/jquery/jquery.form" (/).
[05-Sep-2016 19:08:17 Europe/Berlin] Empty module and/or action after parsing the URL "/webres_55a775cf9fcff8.50052456/js/jquery/jquery.form" (/).
[05-Sep-2016 19:08:26 Europe/Berlin] Empty module and/or action after parsing the URL "/webres_55a775cf9fcff8.50052456/js/jquery/jquery.form" (/).
[05-Sep-2016 19:08:46 Europe/Berlin] Empty module and/or action after parsing the URL "/webres_55a775cf9fcff8.50052456/js/jquery/jquery.form" (/).
[05-Sep-2016 19:08:53 Europe/Berlin] Empty module and/or action after parsing the URL "/webres_55a775cf9fcff8.50052456/js/jquery/jquery.form" (/).
[05-Sep-2016 19:09:06 Europe/Berlin] Empty module and/or action after parsing the URL "/webres_55a775cf9fcff8.50052456/js/jquery/jquery.form" (/).
